Flow report for ps2
Sat Jun 23 17:22:00 2007
Quartus II Version 6.1 Build 201 11/27/2006 SJ Full Version


---------------------
; Table of Contents ;
---------------------
  1. Legal Notice
  2. Flow Summary
  3. Flow Settings
  4. Flow Non-Default Global Settings
  5. Flow Elapsed Time
  6. Flow Log



----------------
; Legal Notice ;
----------------
Copyright (C) 1991-2006 Altera Corporation
Your use of Altera Corporation's design tools, logic functions 
and other software and tools, and its AMPP partner logic 
functions, and any output files from any of the foregoing 
(including device programming or simulation files), and any 
associated documentation or information are expressly subject 
to the terms and conditions of the Altera Program License 
Subscription Agreement, Altera MegaCore Function License 
Agreement, or other applicable license agreement, including, 
without limitation, that your use is for the sole purpose of 
programming logic devices manufactured by Altera and sold by 
Altera or its authorized distributors.  Please refer to the 
applicable agreement for further details.



+--------------------------------------------------------------------+
; Flow Summary                                                       ;
+-------------------------+------------------------------------------+
; Flow Status             ; Successful - Sat Jun 23 17:22:00 2007    ;
; Quartus II Version      ; 6.1 Build 201 11/27/2006 SJ Full Version ;
; Revision Name           ; ps2                                      ;
; Top-level Entity Name   ; manage_data                              ;
; Family                  ; Cyclone                                  ;
; Device                  ; EP1C6Q240C8                              ;
; Timing Models           ; Final                                    ;
; Met timing requirements ; Yes                                      ;
; Total logic elements    ; 489 / 5,980 ( 8 % )                      ;
; Total pins              ; 9 / 185 ( 5 % )                          ;
; Total virtual pins      ; 0                                        ;
; Total memory bits       ; 0 / 92,160 ( 0 % )                       ;
; Total PLLs              ; 0 / 2 ( 0 % )                            ;
+-------------------------+------------------------------------------+


+-----------------------------------------+
; Flow Settings                           ;
+-------------------+---------------------+
; Option            ; Setting             ;
+-------------------+---------------------+
; Start date & time ; 06/23/2007 17:19:59 ;
; Main task         ; Compilation         ;
; Revision Name     ; ps2                 ;
+-------------------+---------------------+


+---------------------------------------------------------------------------------+
; Flow Non-Default Global Settings                                                ;
+------------------------+-------------+---------------+-------------+------------+
; Assignment Name        ; Value       ; Default Value ; Entity Name ; Section Id ;
+------------------------+-------------+---------------+-------------+------------+
; PARTITION_NETLIST_TYPE ; SOURCE      ; --            ; manage_data ; Top        ;
; TOP_LEVEL_ENTITY       ; manage_data ; ps2           ; --          ; --         ;
+------------------------+-------------+---------------+-------------+------------+


+----------------------------------------+
; Flow Elapsed Time                      ;
+-------------------------+--------------+
; Module Name             ; Elapsed Time ;
+-------------------------+--------------+
; Analysis & Synthesis    ; 00:00:06     ;
; Partition Merge         ; 00:00:05     ;
; Fitter                  ; 00:00:10     ;
; Assembler               ; 00:00:07     ;
; Classic Timing Analyzer ; 00:00:03     ;
; Total                   ; 00:00:31     ;
+-------------------------+--------------+


------------
; Flow Log ;
------------
quartus_map --read_settings_files=on --write_settings_files=off ps2 -c ps2
quartus_cdb --read_settings_files=off --write_settings_files=off ps2 -c ps2 --merge=on
quartus_fit --read_settings_files=off --write_settings_files=off ps2 -c ps2
quartus_asm --read_settings_files=off --write_settings_files=off ps2 -c ps2
quartus_tan --read_settings_files=off --write_settings_files=off ps2 -c ps2 --timing_analysis_only



